Flow report for DE0_Nano
Tue Jun 30 18:42:14 2015
Quartus II 64-Bit Version 13.1.0 Build 162 10/23/2013 SJ Web Edition


---------------------
; Table of Contents ;
---------------------
  1. Legal Notice
  2. Flow Summary
  3. Flow Settings
  4. Flow Non-Default Global Settings
  5. Flow Elapsed Time
  6. Flow OS Summary
  7. Flow Log
  8. Flow Messages
  9. Flow Suppressed Messages



----------------
; Legal Notice ;
----------------
Copyright (C) 1991-2013 Altera Corporation
Your use of Altera Corporation's design tools, logic functions 
and other software and tools, and its AMPP partner logic 
functions, and any output files from any of the foregoing 
(including device programming or simulation files), and any 
associated documentation or information are expressly subject 
to the terms and conditions of the Altera Program License 
Subscription Agreement, Altera MegaCore Function License 
Agreement, or other applicable license agreement, including, 
without limitation, that your use is for the sole purpose of 
programming logic devices manufactured by Altera and sold by 
Altera or its authorized distributors.  Please refer to the 
applicable agreement for further details.



+---------------------------------------------------------------------------------+
; Flow Summary                                                                    ;
+------------------------------------+--------------------------------------------+
; Flow Status                        ; Successful - Tue Jun 30 18:41:42 2015      ;
; Quartus II 64-Bit Version          ; 13.1.0 Build 162 10/23/2013 SJ Web Edition ;
; Revision Name                      ; DE0_Nano                                   ;
; Top-level Entity Name              ; DE0_Nano                                   ;
; Family                             ; Cyclone IV E                               ;
; Device                             ; EP4CE22F17C6                               ;
; Timing Models                      ; Final                                      ;
; Total logic elements               ; 6,114 / 22,320 ( 27 % )                    ;
;     Total combinational functions  ; 4,850 / 22,320 ( 22 % )                    ;
;     Dedicated logic registers      ; 4,166 / 22,320 ( 19 % )                    ;
; Total registers                    ; 4235                                       ;
; Total pins                         ; 154 / 154 ( 100 % )                        ;
; Total virtual pins                 ; 0                                          ;
; Total memory bits                  ; 24,848 / 608,256 ( 4 % )                   ;
; Embedded Multiplier 9-bit elements ; 0 / 132 ( 0 % )                            ;
; Total PLLs                         ; 1 / 4 ( 25 % )                             ;
+------------------------------------+--------------------------------------------+


+-----------------------------------------+
; Flow Settings                           ;
+-------------------+---------------------+
; Option            ; Setting             ;
+-------------------+---------------------+
; Start date & time ; 06/30/2015 18:36:52 ;
; Main task         ; Compilation         ;
; Revision Name     ; DE0_Nano            ;
+-------------------+---------------------+


+----------------------------------------------------------------------------------------------------------------------+
; Flow Non-Default Global Settings                                                                                     ;
+-------------------------------------+-------------------------------------+---------------+-------------+------------+
; Assignment Name                     ; Value                               ; Default Value ; Entity Name ; Section Id ;
+-------------------------------------+-------------------------------------+---------------+-------------+------------+
; COMPILER_SIGNATURE_ID               ; 70465362262361.143570381202437      ; --            ; --          ; --         ;
; IGNORE_PARTITIONS                   ; On                                  ; Off           ; --          ; --         ;
; MAX_CORE_JUNCTION_TEMP              ; 85                                  ; --            ; --          ; --         ;
; MIN_CORE_JUNCTION_TEMP              ; 0                                   ; --            ; --          ; --         ;
; OUTPUT_IO_TIMING_FAR_END_VMEAS      ; Half Signal Swing                   ; --            ; --          ; --         ;
; OUTPUT_IO_TIMING_FAR_END_VMEAS      ; Half Signal Swing                   ; --            ; --          ; --         ;
; OUTPUT_IO_TIMING_NEAR_END_VMEAS     ; Half Vccio                          ; --            ; --          ; --         ;
; OUTPUT_IO_TIMING_NEAR_END_VMEAS     ; Half Vccio                          ; --            ; --          ; --         ;
; PARTITION_COLOR                     ; 16764057                            ; --            ; --          ; Top        ;
; PARTITION_FITTER_PRESERVATION_LEVEL ; PLACEMENT_AND_ROUTING               ; --            ; --          ; Top        ;
; PARTITION_NETLIST_TYPE              ; SOURCE                              ; --            ; --          ; Top        ;
; USER_LIBRARIES                      ; DE0_Nano_SOPC/synthesis/submodules/ ; --            ; --          ; --         ;
+-------------------------------------+-------------------------------------+---------------+-------------+------------+


+-------------------------------------------------------------------------------------------------------------------------------+
; Flow Elapsed Time                                                                                                             ;
+---------------------------+--------------+-------------------------+---------------------+------------------------------------+
; Module Name               ; Elapsed Time ; Average Processors Used ; Peak Virtual Memory ; Total CPU Time (on all processors) ;
+---------------------------+--------------+-------------------------+---------------------+------------------------------------+
; Analysis & Synthesis      ; 00:01:37     ; 1.0                     ; 920 MB              ; 00:01:34                           ;
; Fitter                    ; 00:02:40     ; 1.0                     ; 976 MB              ; 00:02:36                           ;
; Assembler                 ; 00:00:06     ; 1.0                     ; 632 MB              ; 00:00:06                           ;
; TimeQuest Timing Analyzer ; 00:00:26     ; 1.0                     ; 741 MB              ; 00:00:25                           ;
; Total                     ; 00:04:49     ; --                      ; --                  ; 00:04:41                           ;
+---------------------------+--------------+-------------------------+---------------------+------------------------------------+


+---------------------------------------------------------------------------------------------+
; Flow OS Summary                                                                             ;
+---------------------------+------------------+----------------+------------+----------------+
; Module Name               ; Machine Hostname ; OS Name        ; OS Version ; Processor type ;
+---------------------------+------------------+----------------+------------+----------------+
; Analysis & Synthesis      ; uoftmda-X200MA   ; Ubuntu 14.04.1 ; 14         ; x86_64         ;
; Fitter                    ; uoftmda-X200MA   ; Ubuntu 14.04.1 ; 14         ; x86_64         ;
; Assembler                 ; uoftmda-X200MA   ; Ubuntu 14.04.1 ; 14         ; x86_64         ;
; TimeQuest Timing Analyzer ; uoftmda-X200MA   ; Ubuntu 14.04.1 ; 14         ; x86_64         ;
+---------------------------+------------------+----------------+------------+----------------+


------------
; Flow Log ;
------------
quartus_map --family=CycloneIVE -l DE0_Nano_SOPC/synthesis/submodules/ DE0_Nano
quartus_fit --part=EP4CE22F17C6 DE0_Nano
quartus_asm DE0_Nano
quartus_sta DE0_Nano



